2020/08/13 14:19:10 - __main__ - INFO - 35 - log_test - Now all print info will be written to message.log

2020/08/13 14:19:19 - __main__ - INFO - 35 - log_test - Now all print info will be written to message.log

2020/08/13 14:19:20 - __main__ - INFO - 35 - log_test - Now all print info will be written to message.log

2020/08/13 14:19:20 - __main__ - INFO - 35 - log_test - Now all print info will be written to message.log

2020/08/13 14:19:21 - __main__ - INFO - 35 - log_test - Now all print info will be written to message.log

2020/08/13 14:19:21 - __main__ - INFO - 35 - log_test - Now all print info will be written to message.log

2020/08/13 14:19:21 - __main__ - INFO - 35 - log_test - Now all print info will be written to message.log

2020/08/13 14:19:21 - __main__ - INFO - 35 - log_test - Now all print info will be written to message.log

2020/08/13 14:19:21 - __main__ - INFO - 35 - log_test - Now all print info will be written to message.log

2020/08/13 14:19:22 - __main__ - INFO - 35 - log_test - Now all print info will be written to message.log

2020/08/13 14:19:22 - __main__ - INFO - 35 - log_test - Now all print info will be written to message.log

2020/08/13 14:19:22 - __main__ - INFO - 35 - log_test - Now all print info will be written to message.log

2020/08/13 14:19:23 - __main__ - INFO - 35 - log_test - Now all print info will be written to message.log

2020/08/13 14:19:23 - __main__ - INFO - 35 - log_test - Now all print info will be written to message.log

2020/08/13 14:19:24 - __main__ - INFO - 35 - log_test - Now all print info will be written to message.log

2020/08/13 14:19:24 - __main__ - INFO - 35 - log_test - Now all print info will be written to message.log

2020/08/13 14:19:24 - __main__ - INFO - 35 - log_test - Now all print info will be written to message.log

2020/08/13 14:19:24 - __main__ - INFO - 35 - log_test - Now all print info will be written to message.log

2020/08/13 14:19:24 - __main__ - INFO - 35 - log_test - Now all print info will be written to message.log

2020/08/13 14:19:25 - __main__ - INFO - 35 - log_test - Now all print info will be written to message.log

2020/08/13 14:19:25 - __main__ - INFO - 35 - log_test - Now all print info will be written to message.log

2020/08/13 14:29:27 - root - ERROR - 25 - log_test - error log
Traceback (most recent call last):
  File "/Users/admin/PycharmProjects/scikit_learn/log_use/log_test.py", line 23, in <module>
    a=10/0
ZeroDivisionError: division by zero
2020/08/13 14:29:27 - __main__ - INFO - 38 - log_test - Now all print info will be written to message.log

